TN:
SF:lib/test-utils.tsx
FN:6,(anonymous_5)
FN:10,(anonymous_6)
FN:22,(anonymous_7)
FN:28,(anonymous_8)
FN:36,(anonymous_9)
FN:41,(anonymous_10)
FN:46,(anonymous_11)
FN:53,(anonymous_12)
FN:66,(anonymous_13)
FN:71,(anonymous_14)
FN:79,(anonymous_15)
FN:83,(anonymous_16)
FN:88,(anonymous_17)
FN:96,(anonymous_18)
FNF:14
FNH:2
FNDA:42,(anonymous_5)
FNDA:35,(anonymous_6)
FNDA:0,(anonymous_7)
FNDA:0,(anonymous_8)
FNDA:0,(anonymous_9)
FNDA:0,(anonymous_10)
FNDA:0,(anonymous_11)
FNDA:0,(anonymous_12)
FNDA:0,(anonymous_13)
FNDA:0,(anonymous_14)
FNDA:0,(anonymous_15)
FNDA:0,(anonymous_16)
FNDA:0,(anonymous_17)
FNDA:0,(anonymous_18)
DA:1,2
DA:2,2
DA:3,2
DA:6,2
DA:7,42
DA:10,2
DA:13,35
DA:16,2
DA:19,2
DA:22,2
DA:28,2
DA:36,2
DA:37,0
DA:38,0
DA:41,2
DA:42,0
DA:43,0
DA:46,2
DA:50,0
DA:53,2
DA:58,0
DA:59,0
DA:61,0
DA:66,2
DA:67,0
DA:68,0
DA:71,2
DA:75,0
DA:79,2
DA:80,0
DA:83,2
DA:84,0
DA:88,2
DA:92,0
DA:93,0
DA:96,2
DA:100,0
DA:101,0
LF:38
LH:21
BRDA:30,0,0,0
BRDA:30,0,1,0
BRDA:58,1,0,0
BRDA:58,1,1,0
BRDA:90,2,0,0
BRDA:98,3,0,0
BRF:6
BRH:0
end_of_record
TN:
SF:lib/components/Badge/Badge.tsx
FN:4,(anonymous_0)
FN:10,(anonymous_1)
FN:29,Badge
FNF:3
FNH:0
FNDA:0,(anonymous_0)
FNDA:0,(anonymous_1)
FNDA:0,Badge
DA:1,0
DA:4,0
DA:5,0
DA:6,0
DA:7,0
DA:10,0
DA:11,0
DA:12,0
DA:13,0
DA:14,0
DA:15,0
DA:16,0
DA:29,0
DA:30,0
DA:31,0
DA:39,0
LF:16
LH:0
BRDA:4,0,0,0
BRDA:4,0,1,0
BRDA:10,1,0,0
BRDA:10,1,1,0
BRDA:30,2,0,0
BRDA:30,2,1,0
BRDA:46,3,0,0
BRDA:46,3,1,0
BRDA:50,4,0,0
BRDA:50,4,1,0
BRDA:50,4,2,0
BRDA:58,5,0,0
BRDA:58,5,1,0
BRDA:58,5,2,0
BRF:14
BRH:0
end_of_record
TN:
SF:lib/components/Button/Button.tsx
FN:8,(anonymous_0)
FNF:1
FNH:1
FNDA:21,(anonymous_0)
DA:1,1
DA:2,1
DA:3,1
DA:4,1
DA:7,1
DA:25,21
DA:27,21
DA:62,1
LF:8
LH:8
BRDA:10,0,0,18
BRDA:11,1,0,19
BRDA:12,2,0,17
BRDA:16,3,0,18
BRDA:17,4,0,20
BRDA:25,5,0,21
BRDA:25,5,1,20
BRDA:42,6,0,1
BRDA:42,6,1,20
BRDA:42,7,0,21
BRDA:42,7,1,3
BRDA:45,8,0,21
BRDA:45,8,1,3
BRDA:50,9,0,21
BRDA:50,9,1,18
BRDA:50,9,2,1
BRDA:54,10,0,21
BRDA:54,10,1,18
BRDA:54,10,2,1
BRF:19
BRH:19
end_of_record
TN:
SF:lib/components/Checkbox/Checkbox.tsx
FN:22,(anonymous_0)
FNF:1
FNH:0
FNDA:0,(anonymous_0)
DA:1,0
DA:2,0
DA:3,0
DA:4,0
DA:5,0
DA:6,0
DA:21,0
DA:39,0
DA:41,0
DA:98,0
LF:10
LH:0
BRDA:26,0,0,0
BRDA:27,1,0,0
BRDA:39,2,0,0
BRDA:39,2,1,0
BRDA:58,3,0,0
BRDA:58,3,1,0
BRDA:62,4,0,0
BRDA:62,4,1,0
BRDA:64,5,0,0
BRDA:64,5,1,0
BRDA:69,6,0,0
BRDA:69,6,1,0
BRDA:74,7,0,0
BRDA:74,7,1,0
BRDA:82,8,0,0
BRDA:82,8,1,0
BRDA:87,9,0,0
BRDA:87,9,1,0
BRF:18
BRH:0
end_of_record
TN:
SF:lib/components/Checkbox/icons/Check.tsx
FN:1,(anonymous_0)
FNF:1
FNH:0
FNDA:0,(anonymous_0)
DA:1,0
DA:2,0
LF:2
LH:0
BRF:0
BRH:0
end_of_record
TN:
SF:lib/components/Checkbox/icons/Minus.tsx
FN:1,(anonymous_0)
FNF:1
FNH:0
FNDA:0,(anonymous_0)
DA:1,0
DA:2,0
LF:2
LH:0
BRF:0
BRH:0
end_of_record
TN:
SF:lib/components/Divider/Divider.tsx
FN:4,(anonymous_0)
FN:24,Divider
FNF:2
FNH:0
FNDA:0,(anonymous_0)
FNDA:0,Divider
DA:1,0
DA:4,0
DA:5,0
DA:6,0
DA:7,0
DA:8,0
DA:9,0
DA:24,0
DA:25,0
DA:26,0
DA:34,0
LF:11
LH:0
BRDA:4,0,0,0
BRDA:4,0,1,0
BRDA:25,1,0,0
BRDA:25,1,1,0
BRDA:37,2,0,0
BRDA:37,2,1,0
BRDA:43,3,0,0
BRDA:43,3,1,0
BRF:8
BRH:0
end_of_record
TN:
SF:lib/components/Dropdown/Dropdown.tsx
FN:13,Dropdown
FN:25,(anonymous_1)
FN:48,(anonymous_2)
FNF:3
FNH:0
FNDA:0,Dropdown
FNDA:0,(anonymous_1)
FNDA:0,(anonymous_2)
DA:1,0
DA:2,0
DA:8,0
DA:9,0
DA:10,0
DA:11,0
DA:13,0
DA:23,0
DA:25,0
DA:26,0
DA:27,0
DA:29,0
DA:31,0
DA:34,0
DA:49,0
LF:15
LH:0
BRDA:16,0,0,0
BRDA:26,1,0,0
BRDA:26,1,1,0
BRDA:27,2,0,0
BRDA:27,2,1,0
BRDA:29,3,0,0
BRDA:29,3,1,0
BRDA:29,4,0,0
BRDA:29,4,1,0
BRDA:50,5,0,0
BRDA:50,5,1,0
BRDA:55,6,0,0
BRDA:55,6,1,0
BRDA:55,7,0,0
BRDA:55,7,1,0
BRDA:55,7,2,0
BRF:16
BRH:0
end_of_record
TN:
SF:lib/components/Dropdown/DropdownGroup.tsx
FN:4,DropdownGroup
FNF:1
FNH:0
FNDA:0,DropdownGroup
DA:2,0
DA:4,0
DA:5,0
LF:3
LH:0
BRF:0
BRH:0
end_of_record
TN:
SF:lib/components/Dropdown/DropdownOption.tsx
FN:8,DropdownOption
FN:26,(anonymous_1)
FN:40,(anonymous_2)
FNF:3
FNH:0
FNDA:0,DropdownOption
FNDA:0,(anonymous_1)
FNDA:0,(anonymous_2)
DA:2,0
DA:3,0
DA:4,0
DA:5,0
DA:6,0
DA:8,0
DA:15,0
DA:16,0
DA:18,0
DA:27,0
DA:28,0
DA:35,0
DA:40,0
LF:13
LH:0
BRDA:27,0,0,0
BRDA:38,1,0,0
BRDA:38,1,1,0
BRDA:45,2,0,0
BRDA:45,2,1,0
BRDA:49,3,0,0
BRDA:49,3,1,0
BRDA:53,4,0,0
BRDA:53,4,1,0
BRF:9
BRH:0
end_of_record
TN:
SF:lib/components/Dropdown/context.ts
FN:7,(anonymous_0)
FNF:1
FNH:0
FNDA:0,(anonymous_0)
DA:1,0
DA:3,0
DA:7,0
DA:8,0
DA:9,0
DA:10,0
DA:13,0
LF:7
LH:0
BRDA:9,0,0,0
BRF:1
BRH:0
end_of_record
TN:
SF:lib/components/Dropdown/icons/AngleDown.tsx
FN:1,AngleDown
FNF:1
FNH:0
FNDA:0,AngleDown
DA:1,0
DA:2,0
LF:2
LH:0
BRF:0
BRH:0
end_of_record
TN:
SF:lib/components/Dropdown/icons/Check.tsx
FN:1,(anonymous_0)
FNF:1
FNH:0
FNDA:0,(anonymous_0)
DA:1,0
DA:2,0
LF:2
LH:0
BRF:0
BRH:0
end_of_record
TN:
SF:lib/components/ErrorBoundary/ErrorBoundary.tsx
FN:16,(anonymous_6)
FN:21,(anonymous_7)
FN:25,(anonymous_8)
FN:30,(anonymous_9)
FN:36,(anonymous_10)
FN:62,(anonymous_11)
FNF:6
FNH:3
FNDA:36,(anonymous_6)
FNDA:0,(anonymous_7)
FNDA:0,(anonymous_8)
FNDA:7,(anonymous_9)
FNDA:42,(anonymous_10)
FNDA:0,(anonymous_11)
DA:1,2
DA:15,2
DA:17,36
DA:18,35
DA:22,0
DA:26,0
DA:27,0
DA:31,7
DA:32,0
DA:37,42
DA:38,0
DA:63,0
DA:77,42
LF:13
LH:7
BRDA:31,0,0,0
BRDA:31,1,0,7
BRDA:31,1,1,0
BRDA:37,2,0,0
BRDA:39,3,0,0
BRDA:39,3,1,0
BRF:6
BRH:1
end_of_record
TN:
SF:lib/components/Field/Field.tsx
FN:14,(anonymous_0)
FN:31,(anonymous_1)
FN:47,(anonymous_2)
FNF:3
FNH:0
FNDA:0,(anonymous_0)
FNDA:0,(anonymous_1)
FNDA:0,(anonymous_2)
DA:1,0
DA:2,0
DA:9,0
DA:10,0
DA:11,0
DA:12,0
DA:14,0
DA:15,0
DA:16,0
DA:31,0
DA:42,0
DA:43,0
DA:45,0
DA:47,0
DA:48,0
DA:52,0
DA:57,0
DA:58,0
DA:61,0
LF:19
LH:0
BRDA:14,0,0,0
BRDA:14,0,1,0
BRDA:38,1,0,0
BRDA:43,2,0,0
BRDA:43,2,1,0
BRDA:48,3,0,0
BRDA:49,4,0,0
BRDA:49,4,1,0
BRDA:53,5,0,0
BRDA:53,5,1,0
BRDA:54,6,0,0
BRDA:54,6,1,0
BRDA:67,7,0,0
BRDA:67,7,1,0
BRDA:71,8,0,0
BRDA:71,8,1,0
BRDA:78,9,0,0
BRDA:78,9,1,0
BRDA:86,10,0,0
BRDA:86,10,1,0
BRDA:90,11,0,0
BRDA:90,11,1,0
BRDA:92,12,0,0
BRDA:92,12,1,0
BRDA:93,13,0,0
BRDA:93,13,1,0
BRF:26
BRH:0
end_of_record
TN:
SF:lib/components/Field/icons/warning-circle.tsx
FN:1,(anonymous_0)
FNF:1
FNH:0
FNDA:0,(anonymous_0)
DA:1,0
DA:2,0
LF:2
LH:0
BRF:0
BRH:0
end_of_record
TN:
SF:lib/components/Input/Input.tsx
FN:8,(anonymous_0)
FN:29,(anonymous_1)
FNF:2
FNH:2
FNDA:21,(anonymous_0)
FNDA:20,(anonymous_1)
DA:1,1
DA:2,1
DA:4,1
DA:5,1
DA:7,1
DA:28,21
DA:29,20
DA:32,21
DA:123,1
LF:9
LH:9
BRDA:11,0,0,19
BRDA:12,1,0,20
BRDA:13,2,0,19
BRDA:19,3,0,20
BRDA:20,4,0,19
BRDA:29,5,0,20
BRDA:29,5,1,18
BRDA:38,6,0,21
BRDA:38,6,1,5
BRDA:41,7,0,5
BRDA:41,7,1,1
BRDA:53,8,0,21
BRDA:53,8,1,1
BRDA:73,9,0,21
BRDA:73,9,1,20
BRDA:80,10,0,3
BRDA:80,10,1,18
BRDA:85,11,0,21
BRDA:85,11,1,2
BRDA:85,11,2,1
BRDA:97,12,0,21
BRDA:97,12,1,1
BRDA:107,13,0,21
BRDA:107,13,1,3
BRDA:112,14,0,3
BRDA:112,14,1,1
BRF:26
BRH:26
end_of_record
TN:
SF:lib/components/Radio/Radio.tsx
FN:8,(anonymous_0)
FNF:1
FNH:0
FNDA:0,(anonymous_0)
DA:1,0
DA:5,0
DA:6,0
DA:8,0
DA:9,0
LF:5
LH:0
BRF:0
BRH:0
end_of_record
TN:
SF:lib/components/RadioGroup/RadioGroup.tsx
FN:9,(anonymous_6)
FN:26,(anonymous_7)
FN:35,(anonymous_8)
FN:36,(anonymous_9)
FN:44,(anonymous_10)
FN:50,(anonymous_11)
FNF:6
FNH:0
FNDA:0,(anonymous_6)
FNDA:0,(anonymous_7)
FNDA:0,(anonymous_8)
FNDA:0,(anonymous_9)
FNDA:0,(anonymous_10)
FNDA:0,(anonymous_11)
DA:1,0
DA:2,0
DA:3,0
DA:5,0
DA:6,0
DA:8,0
DA:23,0
DA:25,0
DA:27,0
DA:28,0
DA:34,0
DA:36,0
DA:44,0
DA:45,0
DA:46,0
DA:49,0
DA:50,0
DA:51,0
DA:76,0
DA:79,0
DA:147,0
LF:21
LH:0
BRDA:11,0,0,0
BRDA:13,1,0,0
BRDA:18,2,0,0
BRDA:19,3,0,0
BRDA:27,4,0,0
BRDA:39,5,0,0
BRDA:39,5,1,0
BRDA:45,6,0,0
BRDA:49,7,0,0
BRDA:59,8,0,0
BRDA:59,8,1,0
BRDA:66,9,0,0
BRDA:66,9,1,0
BRDA:90,10,0,0
BRDA:90,10,1,0
BRDA:94,11,0,0
BRDA:94,11,1,0
BRDA:122,12,0,0
BRDA:122,12,1,0
BRDA:124,13,0,0
BRDA:124,13,1,0
BRDA:131,14,0,0
BRDA:131,14,1,0
BRDA:136,15,0,0
BRDA:136,15,1,0
BRF:25
BRH:0
end_of_record
TN:
SF:lib/components/Slider/Slider.tsx
FN:12,(anonymous_6)
FN:15,(anonymous_7)
FN:24,(anonymous_8)
FN:39,(anonymous_9)
FN:60,(anonymous_10)
FN:67,(anonymous_11)
FN:74,(anonymous_12)
FN:97,(anonymous_13)
FN:109,(anonymous_14)
FN:124,(anonymous_15)
FN:131,(anonymous_16)
FNF:11
FNH:0
FNDA:0,(anonymous_6)
FNDA:0,(anonymous_7)
FNDA:0,(anonymous_8)
FNDA:0,(anonymous_9)
FNDA:0,(anonymous_10)
FNDA:0,(anonymous_11)
FNDA:0,(anonymous_12)
FNDA:0,(anonymous_13)
FNDA:0,(anonymous_14)
FNDA:0,(anonymous_15)
FNDA:0,(anonymous_16)
DA:1,0
DA:2,0
DA:10,0
DA:12,0
DA:13,0
DA:15,0
DA:16,0
DA:20,0
DA:23,0
DA:25,0
DA:29,0
DA:34,0
DA:37,0
DA:39,0
DA:46,0
DA:53,0
DA:60,0
DA:61,0
DA:62,0
DA:63,0
DA:67,0
DA:68,0
DA:71,0
DA:75,0
DA:98,0
DA:109,0
DA:110,0
DA:117,0
DA:124,0
DA:125,0
DA:126,0
DA:127,0
DA:131,0
DA:132,0
DA:136,0
DA:139,0
DA:143,0
LF:37
LH:0
BRDA:13,0,0,0
BRDA:20,1,0,0
BRDA:20,1,1,0
BRDA:40,2,0,0
BRDA:61,3,0,0
BRDA:109,4,0,0
BRDA:125,5,0,0
BRDA:136,6,0,0
BRDA:136,6,1,0
BRDA:139,7,0,0
BRDA:139,7,1,0
BRF:11
BRH:0
end_of_record
TN:
SF:lib/components/Switch/Switch.tsx
FN:19,(anonymous_0)
FNF:1
FNH:0
FNDA:0,(anonymous_0)
DA:1,0
DA:5,0
DA:6,0
DA:7,0
DA:18,0
DA:32,0
DA:34,0
DA:108,0
LF:8
LH:0
BRDA:23,0,0,0
BRDA:24,1,0,0
BRDA:25,2,0,0
BRDA:55,3,0,0
BRDA:55,3,1,0
BRDA:62,4,0,0
BRDA:62,4,1,0
BRDA:62,4,2,0
BRDA:64,5,0,0
BRDA:64,5,1,0
BRDA:69,6,0,0
BRDA:69,6,1,0
BRDA:73,7,0,0
BRDA:73,7,1,0
BRDA:83,8,0,0
BRDA:83,8,1,0
BRDA:92,9,0,0
BRDA:92,9,1,0
BRDA:97,10,0,0
BRDA:97,10,1,0
BRF:20
BRH:0
end_of_record
TN:
SF:lib/components/Tab/Tab.tsx
FN:8,(anonymous_6)
FN:19,(anonymous_7)
FN:29,(anonymous_8)
FN:39,(anonymous_9)
FN:40,(anonymous_10)
FN:73,(anonymous_11)
FNF:6
FNH:0
FNDA:0,(anonymous_6)
FNDA:0,(anonymous_7)
FNDA:0,(anonymous_8)
FNDA:0,(anonymous_9)
FNDA:0,(anonymous_10)
FNDA:0,(anonymous_11)
DA:1,0
DA:2,0
DA:3,0
DA:4,0
DA:5,0
DA:7,0
DA:19,0
DA:20,0
DA:21,0
DA:28,0
DA:30,0
DA:31,0
DA:38,0
DA:40,0
DA:49,0
DA:74,0
DA:106,0
LF:17
LH:0
BRDA:11,0,0,0
BRDA:15,1,0,0
BRDA:16,2,0,0
BRDA:20,3,0,0
BRDA:20,4,0,0
BRDA:20,4,1,0
BRDA:30,5,0,0
BRDA:43,6,0,0
BRDA:43,6,1,0
BRDA:88,7,0,0
BRDA:88,7,1,0
BRF:11
BRH:0
end_of_record
TN:
SF:lib/components/Textarea/Textarea.tsx
FN:13,(anonymous_0)
FNF:1
FNH:0
FNDA:0,(anonymous_0)
DA:1,0
DA:2,0
DA:13,0
DA:20,0
LF:4
LH:0
BRDA:28,0,0,0
BRDA:28,0,1,0
BRF:2
BRH:0
end_of_record
TN:
SF:lib/components/Textarea/icons/cross-circle.tsx
FN:1,(anonymous_0)
FNF:1
FNH:0
FNDA:0,(anonymous_0)
DA:1,0
DA:2,0
LF:2
LH:0
BRF:0
BRH:0
end_of_record
TN:
SF:lib/components/Tooltip/Tooltip.tsx
FN:17,(anonymous_1)
FN:62,(anonymous_2)
FN:71,(anonymous_3)
FNF:3
FNH:0
FNDA:0,(anonymous_1)
FNDA:0,(anonymous_2)
FNDA:0,(anonymous_3)
DA:1,0
DA:2,0
DA:4,0
DA:14,0
DA:16,0
DA:29,0
DA:30,0
DA:32,0
DA:44,0
DA:50,0
DA:54,0
DA:59,0
DA:61,0
DA:63,0
DA:64,0
DA:70,0
DA:72,0
DA:97,0
DA:98,0
DA:101,0
DA:135,0
LF:21
LH:0
BRDA:21,0,0,0
BRDA:22,1,0,0
BRDA:25,2,0,0
BRDA:26,3,0,0
BRDA:27,4,0,0
BRDA:63,5,0,0
BRDA:73,6,0,0
BRDA:73,6,1,0
BRDA:75,7,0,0
BRDA:75,7,1,0
BRDA:82,8,0,0
BRDA:82,8,1,0
BRDA:97,9,0,0
BRDA:103,10,0,0
BRDA:103,10,1,0
BRF:15
BRH:0
end_of_record
TN:
SF:lib/hooks/usePerformanceMonitor.ts
FN:17,(anonymous_0)
FN:37,(anonymous_1)
FN:42,(anonymous_2)
FN:66,(anonymous_3)
FN:68,(anonymous_4)
FN:77,(anonymous_5)
FN:79,(anonymous_6)
FNF:7
FNH:0
FNDA:0,(anonymous_0)
FNDA:0,(anonymous_1)
FNDA:0,(anonymous_2)
FNDA:0,(anonymous_3)
FNDA:0,(anonymous_4)
FNDA:0,(anonymous_5)
FNDA:0,(anonymous_6)
DA:1,0
DA:17,0
DA:26,0
DA:28,0
DA:35,0
DA:37,0
DA:38,0
DA:39,0
DA:42,0
DA:43,0
DA:45,0
DA:46,0
DA:48,0
DA:49,0
DA:50,0
DA:51,0
DA:52,0
DA:55,0
DA:56,0
DA:61,0
DA:62,0
DA:66,0
DA:68,0
DA:69,0
DA:77,0
DA:78,0
DA:79,0
DA:80,0
DA:84,0
LF:29
LH:0
BRDA:19,0,0,0
BRDA:22,1,0,0
BRDA:23,2,0,0
BRDA:24,3,0,0
BRDA:38,4,0,0
BRDA:43,5,0,0
BRDA:55,6,0,0
BRDA:61,7,0,0
BRDA:61,8,0,0
BRDA:61,8,1,0
BRF:10
BRH:0
end_of_record
TN:
SF:lib/hooks/useSliderTrack.ts
FN:10,(anonymous_0)
FN:20,(anonymous_1)
FN:28,(anonymous_2)
FN:33,(anonymous_3)
FN:42,(anonymous_4)
FNF:5
FNH:0
FNDA:0,(anonymous_0)
FNDA:0,(anonymous_1)
FNDA:0,(anonymous_2)
FNDA:0,(anonymous_3)
FNDA:0,(anonymous_4)
DA:1,0
DA:10,0
DA:16,0
DA:17,0
DA:18,0
DA:20,0
DA:21,0
DA:22,0
DA:23,0
DA:28,0
DA:29,0
DA:32,0
DA:34,0
DA:35,0
DA:41,0
DA:43,0
DA:44,0
DA:48,0
DA:49,0
DA:57,0
LF:20
LH:0
BRDA:34,0,0,0
BRDA:43,1,0,0
BRDA:48,2,0,0
BRF:3
BRH:0
end_of_record
TN:
SF:lib/hooks/useValidation.ts
FN:17,(anonymous_0)
FN:27,(anonymous_1)
FN:36,(anonymous_2)
FN:58,(anonymous_3)
FN:68,(anonymous_4)
FN:76,(anonymous_5)
FN:86,(anonymous_6)
FN:93,(anonymous_7)
FN:97,(anonymous_8)
FN:102,(anonymous_9)
FN:128,(anonymous_10)
FN:129,(anonymous_11)
FN:135,(anonymous_12)
FN:136,(anonymous_13)
FN:142,(anonymous_14)
FN:143,(anonymous_15)
FN:149,(anonymous_16)
FN:152,(anonymous_17)
FN:156,(anonymous_18)
FN:157,(anonymous_19)
FN:161,(anonymous_20)
FN:162,(anonymous_21)
FN:168,(anonymous_22)
FN:169,(anonymous_23)
FN:173,(anonymous_24)
FN:179,(anonymous_25)
FNF:26
FNH:0
FNDA:0,(anonymous_0)
FNDA:0,(anonymous_1)
FNDA:0,(anonymous_2)
FNDA:0,(anonymous_3)
FNDA:0,(anonymous_4)
FNDA:0,(anonymous_5)
FNDA:0,(anonymous_6)
FNDA:0,(anonymous_7)
FNDA:0,(anonymous_8)
FNDA:0,(anonymous_9)
FNDA:0,(anonymous_10)
FNDA:0,(anonymous_11)
FNDA:0,(anonymous_12)
FNDA:0,(anonymous_13)
FNDA:0,(anonymous_14)
FNDA:0,(anonymous_15)
FNDA:0,(anonymous_16)
FNDA:0,(anonymous_17)
FNDA:0,(anonymous_18)
FNDA:0,(anonymous_19)
FNDA:0,(anonymous_20)
FNDA:0,(anonymous_21)
FNDA:0,(anonymous_22)
FNDA:0,(anonymous_23)
FNDA:0,(anonymous_24)
FNDA:0,(anonymous_25)
DA:1,0
DA:17,0
DA:21,0
DA:22,0
DA:23,0
DA:24,0
DA:26,0
DA:28,0
DA:29,0
DA:32,0
DA:34,0
DA:35,0
DA:36,0
DA:39,0
DA:43,0
DA:45,0
DA:51,0
DA:57,0
DA:59,0
DA:61,0
DA:62,0
DA:68,0
DA:69,0
DA:71,0
DA:72,0
DA:76,0
DA:77,0
DA:79,0
DA:80,0
DA:83,0
DA:86,0
DA:87,0
DA:88,0
DA:89,0
DA:90,0
DA:93,0
DA:94,0
DA:97,0
DA:98,0
DA:101,0
DA:102,0
DA:112,0
DA:126,0
DA:129,0
DA:130,0
DA:136,0
DA:137,0
DA:143,0
DA:144,0
DA:152,0
DA:153,0
DA:157,0
DA:158,0
DA:162,0
DA:163,0
DA:169,0
DA:170,0
DA:179,0
DA:180,0
DA:181,0
DA:182,0
DA:184,0
LF:62
LH:0
BRDA:19,0,0,0
BRDA:28,1,0,0
BRDA:61,2,0,0
BRDA:61,3,0,0
BRDA:61,3,1,0
BRDA:71,4,0,0
BRDA:79,5,0,0
BRDA:128,6,0,0
BRDA:130,7,0,0
BRDA:130,7,1,0
BRDA:130,8,0,0
BRDA:130,8,1,0
BRDA:130,8,2,0
BRDA:137,9,0,0
BRDA:137,9,1,0
BRDA:138,10,0,0
BRDA:138,10,1,0
BRDA:144,11,0,0
BRDA:144,11,1,0
BRDA:145,12,0,0
BRDA:145,12,1,0
BRDA:150,13,0,0
BRDA:153,14,0,0
BRDA:153,14,1,0
BRDA:158,15,0,0
BRDA:158,15,1,0
BRDA:163,16,0,0
BRDA:163,16,1,0
BRDA:164,17,0,0
BRDA:164,17,1,0
BRDA:170,18,0,0
BRDA:170,18,1,0
BRDA:170,19,0,0
BRDA:170,19,1,0
BRDA:181,20,0,0
BRDA:184,21,0,0
BRDA:184,21,1,0
BRDA:184,22,0,0
BRDA:184,22,1,0
BRF:39
BRH:0
end_of_record
TN:
SF:lib/types/dropdown.ts
FN:33,(anonymous_0)
FNF:1
FNH:0
FNDA:0,(anonymous_0)
DA:33,0
DA:34,0
DA:35,0
LF:3
LH:0
BRDA:33,0,0,0
BRDA:33,0,1,0
BRF:2
BRH:0
end_of_record
TN:
SF:lib/types/radioGroup.ts
FN:4,(anonymous_0)
FNF:1
FNH:0
FNDA:0,(anonymous_0)
DA:4,0
DA:5,0
DA:6,0
LF:3
LH:0
BRDA:4,0,0,0
BRDA:4,0,1,0
BRF:2
BRH:0
end_of_record
TN:
SF:lib/types/tab.ts
FN:8,(anonymous_0)
FNF:1
FNH:0
FNDA:0,(anonymous_0)
DA:8,0
DA:9,0
DA:10,0
DA:11,0
LF:4
LH:0
BRDA:8,0,0,0
BRDA:8,0,1,0
BRF:2
BRH:0
end_of_record
